Occurence time: 09-May-20 3:49:45 PM Explanation : Couldn't update Table to the database
Occurence time: 13-May-20 6:59:31 AM Explanation: RosaAPP couldn't open the connection
Occurence time: 14-May-20 7:23:50 PM Explanation: Couldn't read the Tables from the Database!
Occurence time: 14-May-20 7:25:24 PM Explanation: Couldn't read the Tables from the Database!
Occurence time: 14-May-20 7:26:07 PM Explanation: Couldn't read the Tables from the Database!
Occurence time: 14-May-20 7:26:48 PM Explanation: Couldn't read the Tables from the Database!
Occurence time: 14-May-20 7:31:46 PM Explanation: Couldn't read the Table from the Database!
Occurence time: 15-May-20 1:15:52 AM Explanation: RosaAPP couldn't open the connection
Occurence time: 15-May-20 1:15:54 AM Explanation: Couldn't read from the employee Table
Occurence time: 15-May-20 1:16:18 AM Explanation: RosaAPP couldn't open the connection
Occurence time: 15-May-20 1:16:38 AM Explanation: Couldn't read from the employee Table
Occurence time: 15-May-20 1:20:52 AM Explanation: RosaAPP couldn't open the connection
Occurence time: 15-May-20 1:20:55 AM Explanation: Couldn't read from the employee Table
Occurence time: 16-May-20 6:30:55 AM Explanation: Couldn't read the Tables from the Database!
Occurence time: 16-May-20 6:31:39 AM Explanation: Couldn't read the Tables from the Database!
Occurence time: 17-May-20 4:44:13 AM Explanation: Couldn't read from the employee Table
Occurence time: 17-May-20 5:19:44 AM Explanation: Couldn't read from the employee Table
Occurence time: 17-May-20 5:26:26 AM Explanation: Couldn't read from the employee Table
Occurence time: 17-May-20 5:26:31 AM Explanation: Couldn't read from the employee Table
Occurence time: 5/18/2020 1:38:36 PM Explanation: Couldn't read from the Database!
Occurence time: 5/18/2020 1:39:39 PM Explanation: Couldn't read from the Database!
Occurence time: 5/21/2020 11:08:34 AM Explanation: Couldn't read from the Database!
Occurence time: 5/21/2020 11:09:35 AM Explanation: Couldn't read from the Database!
Occurence time: 5/21/2020 11:55:49 AM Explanation: RosaAPP couldn't execute the edit query
Occurence time: 5/21/2020 11:55:49 AM Explanation: Couldn't write to the Database!
Occurence time: 5/21/2020 12:02:10 PM Explanation: RosaAPP couldn't execute the edit query
Occurence time: 5/21/2020 12:02:10 PM Explanation: Couldn't write to the Database!
Occurence time: 5/21/2020 12:02:11 PM Explanation: RosaAPP couldn't execute the edit query
Occurence time: 5/21/2020 12:02:11 PM Explanation: Couldn't write to the Database!
Occurence time: 5/21/2020 12:02:12 PM Explanation: RosaAPP couldn't execute the edit query
Occurence time: 5/21/2020 12:02:12 PM Explanation: Couldn't write to the Database!
Occurence time: 5/21/2020 12:02:12 PM Explanation: RosaAPP couldn't execute the edit query
Occurence time: 5/21/2020 12:02:12 PM Explanation: Couldn't write to the Database!
Occurence time: 5/21/2020 12:02:12 PM Explanation: RosaAPP couldn't execute the edit query
Occurence time: 5/21/2020 12:02:12 PM Explanation: Couldn't write to the Database!
Occurence time: 5/21/2020 12:14:22 PM Explanation: RosaAPP couldn't execute the edit query
Occurence time: 5/21/2020 12:14:22 PM Explanation: Couldn't write to the Database!
Occurence time: 5/21/2020 12:50:30 PM Explanation: RosaAPP couldn't execute the edit query
Occurence time: 5/21/2020 12:50:30 PM Explanation: Couldn't write to the Database!
Occurence time: 5/21/2020 12:51:19 PM Explanation: RosaAPP couldn't execute the edit query
Occurence time: 5/21/2020 12:51:19 PM Explanation: Couldn't write to the Database!
Occurence time: 5/21/2020 12:51:48 PM Explanation: RosaAPP couldn't execute the edit query
Occurence time: 5/21/2020 12:56:48 PM Explanation: RosaAPP couldn't execute the edit query
Occurence time: 5/21/2020 12:56:48 PM Explanation: Couldn't write to the Database!
Occurence time: 5/21/2020 12:56:54 PM Explanation: RosaAPP couldn't execute the edit query
Occurence time: 5/21/2020 12:56:54 PM Explanation: Couldn't write to the Database!
Occurence time: 5/21/2020 1:05:00 PM Explanation: RosaAPP couldn't execute the edit query
Occurence time: 5/21/2020 1:13:26 PM Explanation: RosaAPP couldn't execute the edit query
Occurence time: 5/21/2020 1:23:31 PM Explanation: RosaAPP couldn't execute the edit query
Occurence time: 5/21/2020 1:24:42 PM Explanation: RosaAPP couldn't execute the edit query
Occurence time: 5/21/2020 1:25:33 PM Explanation: Couldn't read from the Database!
Occurence time: 5/21/2020 1:34:21 PM Explanation: RosaAPP couldn't execute the edit query
Occurence time: 5/21/2020 1:35:16 PM Explanation: RosaAPP couldn't execute the edit query
Occurence time: 5/21/2020 1:40:43 PM Explanation: RosaAPP couldn't execute the edit query
Occurence time: 5/21/2020 1:52:49 PM Explanation: RosaAPP couldn't execute the edit query
Occurence time: 5/21/2020 1:53:32 PM Explanation: RosaAPP couldn't execute the edit query
Occurence time: 5/21/2020 1:56:02 PM Explanation: RosaAPP couldn't execute the edit query
Occurence time: 5/21/2020 1:56:29 PM Explanation: RosaAPP couldn't execute the edit query
